{"meta": {"format": 3, "version": "7.13.1", "timestamp": "2026-01-07T01:41:05.751287", "branch_coverage": false, "show_contexts": false}, "files": {"app\\__init__.py": {"executed_lines": [6, 7, 8], "summary": {"covered_lines": 3, "num_statements": 3, "percent_covered": 100.0, "percent_covered_display": "100", "missing_lines": 0, "excluded_lines": 0, "percent_statements_covered": 100.0, "percent_statements_covered_display": "100"}, "missing_lines": [], "excluded_lines": [], "functions": {"": {"executed_lines": [6, 7, 8], "summary": {"covered_lines": 3, "num_statements": 3, "percent_covered": 100.0, "percent_covered_display": "100", "missing_lines": 0, "excluded_lines": 0, "percent_statements_covered": 100.0, "percent_statements_covered_display": "100"}, "missing_lines": [], "excluded_lines": [], "start_line": 1}}, "classes": {"": {"executed_lines": [6, 7, 8], "summary": {"covered_lines": 3, "num_statements": 3, "percent_covered": 100.0, "percent_covered_display": "100", "missing_lines": 0, "excluded_lines": 0, "percent_statements_covered": 100.0, "percent_statements_covered_display": "100"}, "missing_lines": [], "excluded_lines": [], "start_line": 1}}}, "app\\main.py": {"executed_lines": [6, 7, 8, 14, 15, 20, 21, 26, 33, 34, 39, 49, 50, 55, 122, 123, 130, 131, 132, 134, 135, 139, 140, 142, 143, 150, 151, 156, 157, 164, 165, 166, 168, 169, 173, 174, 176, 177, 184, 185, 190, 191, 198, 199, 200, 202, 203, 207, 208, 210, 211, 218, 219, 224, 225, 232, 233, 234, 236, 237, 241, 242, 244, 245, 252, 253, 256, 257, 264, 265, 272, 273, 275, 276, 280, 282, 283, 289, 290, 293, 294, 301, 302, 304, 305, 309, 311, 312, 318, 319, 322, 323, 330, 331, 332, 334, 346, 347, 371, 372, 380, 381, 382, 384, 386, 395, 396, 398, 406, 407, 409, 417, 418, 430], "summary": {"covered_lines": 114, "num_statements": 125, "percent_covered": 91.2, "percent_covered_display": "91", "missing_lines": 11, "excluded_lines": 0, "percent_statements_covered": 91.2, "percent_statements_covered_display": "91"}, "missing_lines": [342, 343, 354, 355, 356, 357, 359, 367, 368, 420, 432], "excluded_lines": [], "functions": {"health_check": {"executed_lines": [26], "summary": {"covered_lines": 1, "num_statements": 1, "percent_covered": 100.0, "percent_covered_display": "100", "missing_lines": 0, "excluded_lines": 0, "percent_statements_covered": 100.0, "percent_statements_covered_display": "100"}, "missing_lines": [], "excluded_lines": [], "start_line": 21}, "detailed_health_check": {"executed_lines": [39], "summary": {"covered_lines": 1, "num_statements": 1, "percent_covered": 100.0, "percent_covered_display": "100", "missing_lines": 0, "excluded_lines": 0, "percent_statements_covered": 100.0, "percent_statements_covered_display": "100"}, "missing_lines": [], "excluded_lines": [], "start_line": 34}, "app_info": {"executed_lines": [55], "summary": {"covered_lines": 1, "num_statements": 1, "percent_covered": 100.0, "percent_covered_display": "100", "missing_lines": 0, "excluded_lines": 0, "percent_statements_covered": 100.0, "percent_statements_covered_display": "100"}, "missing_lines": [], "excluded_lines": [], "start_line": 50}, "add": {"executed_lines": [130, 131, 132, 134, 135, 139, 140, 142, 143, 150, 151], "summary": {"covered_lines": 11, "num_statements": 11, "percent_covered": 100.0, "percent_covered_display": "100", "missing_lines": 0, "excluded_lines": 0, "percent_statements_covered": 100.0, "percent_statements_covered_display": "100"}, "missing_lines": [], "excluded_lines": [], "start_line": 123}, "subtract": {"executed_lines": [164, 165, 166, 168, 169, 173, 174, 176, 177, 184, 185], "summary": {"covered_lines": 11, "num_statements": 11, "percent_covered": 100.0, "percent_covered_display": "100", "missing_lines": 0, "excluded_lines": 0, "percent_statements_covered": 100.0, "percent_statements_covered_display": "100"}, "missing_lines": [], "excluded_lines": [], "start_line": 157}, "multiply": {"executed_lines": [198, 199, 200, 202, 203, 207, 208, 210, 211, 218, 219], "summary": {"covered_lines": 11, "num_statements": 11, "percent_covered": 100.0, "percent_covered_display": "100", "missing_lines": 0, "excluded_lines": 0, "percent_statements_covered": 100.0, "percent_statements_covered_display": "100"}, "missing_lines": [], "excluded_lines": [], "start_line": 191}, "divide": {"executed_lines": [232, 233, 234, 236, 237, 241, 242, 244, 245, 252, 253, 256, 257], "summary": {"covered_lines": 13, "num_statements": 13, "percent_covered": 100.0, "percent_covered_display": "100", "missing_lines": 0, "excluded_lines": 0, "percent_statements_covered": 100.0, "percent_statements_covered_display": "100"}, "missing_lines": [], "excluded_lines": [], "start_line": 225}, "square_endpoint": {"executed_lines": [272, 273, 275, 276, 280, 282, 283, 289, 290], "summary": {"covered_lines": 9, "num_statements": 9, "percent_covered": 100.0, "percent_covered_display": "100", "missing_lines": 0, "excluded_lines": 0, "percent_statements_covered": 100.0, "percent_statements_covered_display": "100"}, "missing_lines": [], "excluded_lines": [], "start_line": 265}, "absolute_endpoint": {"executed_lines": [301, 302, 304, 305, 309, 311, 312, 318, 319], "summary": {"covered_lines": 9, "num_statements": 9, "percent_covered": 100.0, "percent_covered_display": "100", "missing_lines": 0, "excluded_lines": 0, "percent_statements_covered": 100.0, "percent_statements_covered_display": "100"}, "missing_lines": [], "excluded_lines": [], "start_line": 294}, "parity_endpoint": {"executed_lines": [330, 331, 332, 334], "summary": {"covered_lines": 4, "num_statements": 6, "percent_covered": 66.66666666666667, "percent_covered_display": "67", "missing_lines": 2, "excluded_lines": 0, "percent_statements_covered": 66.66666666666667, "percent_statements_covered_display": "67"}, "missing_lines": [342, 343], "excluded_lines": [], "start_line": 323}, "odd_even_endpoint": {"executed_lines": [], "summary": {"covered_lines": 0, "num_statements": 7, "percent_covered": 0.0, "percent_covered_display": "0", "missing_lines": 7, "excluded_lines": 0, "percent_statements_covered": 0.0, "percent_statements_covered_display": "0"}, "missing_lines": [354, 355, 356, 357, 359, 367, 368], "excluded_lines": [], "start_line": 347}, "echo": {"executed_lines": [380, 381, 382, 384, 386], "summary": {"covered_lines": 5, "num_statements": 5, "percent_covered": 100.0, "percent_covered_display": "100", "missing_lines": 0, "excluded_lines": 0, "percent_statements_covered": 100.0, "percent_statements_covered_display": "100"}, "missing_lines": [], "excluded_lines": [], "start_line": 372}, "not_found": {"executed_lines": [398], "summary": {"covered_lines": 1, "num_statements": 1, "percent_covered": 100.0, "percent_covered_display": "100", "missing_lines": 0, "excluded_lines": 0, "percent_statements_covered": 100.0, "percent_statements_covered_display": "100"}, "missing_lines": [], "excluded_lines": [], "start_line": 396}, "method_not_allowed": {"executed_lines": [409], "summary": {"covered_lines": 1, "num_statements": 1, "percent_covered": 100.0, "percent_covered_display": "100", "missing_lines": 0, "excluded_lines": 0, "percent_statements_covered": 100.0, "percent_statements_covered_display": "100"}, "missing_lines": [], "excluded_lines": [], "start_line": 407}, "internal_server_error": {"executed_lines": [], "summary": {"covered_lines": 0, "num_statements": 1, "percent_covered": 0.0, "percent_covered_display": "0", "missing_lines": 1, "excluded_lines": 0, "percent_statements_covered": 0.0, "percent_statements_covered_display": "0"}, "missing_lines": [420], "excluded_lines": [], "start_line": 418}, "": {"executed_lines": [6, 7, 8, 14, 15, 20, 21, 33, 34, 49, 50, 122, 123, 156, 157, 190, 191, 224, 225, 264, 265, 293, 294, 322, 323, 346, 347, 371, 372, 395, 396, 406, 407, 417, 418, 430], "summary": {"covered_lines": 36, "num_statements": 37, "percent_covered": 97.29729729729729, "percent_covered_display": "97", "missing_lines": 1, "excluded_lines": 0, "percent_statements_covered": 97.29729729729729, "percent_statements_covered_display": "97"}, "missing_lines": [432], "excluded_lines": [], "start_line": 1}}, "classes": {"": {"executed_lines": [6, 7, 8, 14, 15, 20, 21, 26, 33, 34, 39, 49, 50, 55, 122, 123, 130, 131, 132, 134, 135, 139, 140, 142, 143, 150, 151, 156, 157, 164, 165, 166, 168, 169, 173, 174, 176, 177, 184, 185, 190, 191, 198, 199, 200, 202, 203, 207, 208, 210, 211, 218, 219, 224, 225, 232, 233, 234, 236, 237, 241, 242, 244, 245, 252, 253, 256, 257, 264, 265, 272, 273, 275, 276, 280, 282, 283, 289, 290, 293, 294, 301, 302, 304, 305, 309, 311, 312, 318, 319, 322, 323, 330, 331, 332, 334, 346, 347, 371, 372, 380, 381, 382, 384, 386, 395, 396, 398, 406, 407, 409, 417, 418, 430], "summary": {"covered_lines": 114, "num_statements": 125, "percent_covered": 91.2, "percent_covered_display": "91", "missing_lines": 11, "excluded_lines": 0, "percent_statements_covered": 91.2, "percent_statements_covered_display": "91"}, "missing_lines": [342, 343, 354, 355, 356, 357, 359, 367, 368, 420, 432], "excluded_lines": [], "start_line": 1}}}, "app\\utils.py": {"executed_lines": [6, 7, 12, 19, 24, 45, 46, 47, 48, 49, 52, 73, 75, 77, 80, 101, 103, 105, 108, 130, 131, 132, 134, 135, 136, 141, 160, 161, 162, 163, 164, 165, 166, 169, 188, 189, 190, 193, 212, 213, 214, 217, 236, 238, 241, 260, 262], "summary": {"covered_lines": 47, "num_statements": 54, "percent_covered": 87.03703703703704, "percent_covered_display": "87", "missing_lines": 7, "excluded_lines": 0, "percent_statements_covered": 87.03703703703704, "percent_statements_covered_display": "87"}, "missing_lines": [74, 76, 102, 104, 133, 237, 261], "excluded_lines": [], "functions": {"get_current_time": {"executed_lines": [19], "summary": {"covered_lines": 1, "num_statements": 1, "percent_covered": 100.0, "percent_covered_display": "100", "missing_lines": 0, "excluded_lines": 0, "percent_statements_covered": 100.0, "percent_statements_covered_display": "100"}, "missing_lines": [], "excluded_lines": [], "start_line": 12}, "add_numbers": {"executed_lines": [45, 46, 47, 48, 49], "summary": {"covered_lines": 5, "num_statements": 5, "percent_covered": 100.0, "percent_covered_display": "100", "missing_lines": 0, "excluded_lines": 0, "percent_statements_covered": 100.0, "percent_statements_covered_display": "100"}, "missing_lines": [], "excluded_lines": [], "start_line": 24}, "subtract_numbers": {"executed_lines": [73, 75, 77], "summary": {"covered_lines": 3, "num_statements": 5, "percent_covered": 60.0, "percent_covered_display": "60", "missing_lines": 2, "excluded_lines": 0, "percent_statements_covered": 60.0, "percent_statements_covered_display": "60"}, "missing_lines": [74, 76], "excluded_lines": [], "start_line": 52}, "multiply_numbers": {"executed_lines": [101, 103, 105], "summary": {"covered_lines": 3, "num_statements": 5, "percent_covered": 60.0, "percent_covered_display": "60", "missing_lines": 2, "excluded_lines": 0, "percent_statements_covered": 60.0, "percent_statements_covered_display": "60"}, "missing_lines": [102, 104], "excluded_lines": [], "start_line": 80}, "divide_numbers": {"executed_lines": [130, 131, 132, 134, 135, 136], "summary": {"covered_lines": 6, "num_statements": 7, "percent_covered": 85.71428571428571, "percent_covered_display": "86", "missing_lines": 1, "excluded_lines": 0, "percent_statements_covered": 85.71428571428571, "percent_statements_covered_display": "86"}, "missing_lines": [133], "excluded_lines": [], "start_line": 108}, "even_parity": {"executed_lines": [160, 161, 162, 163, 164, 165, 166], "summary": {"covered_lines": 7, "num_statements": 7, "percent_covered": 100.0, "percent_covered_display": "100", "missing_lines": 0, "excluded_lines": 0, "percent_statements_covered": 100.0, "percent_statements_covered_display": "100"}, "missing_lines": [], "excluded_lines": [], "start_line": 141}, "is_even": {"executed_lines": [188, 189, 190], "summary": {"covered_lines": 3, "num_statements": 3, "percent_covered": 100.0, "percent_covered_display": "100", "missing_lines": 0, "excluded_lines": 0, "percent_statements_covered": 100.0, "percent_statements_covered_display": "100"}, "missing_lines": [], "excluded_lines": [], "start_line": 169}, "is_odd": {"executed_lines": [212, 213, 214], "summary": {"covered_lines": 3, "num_statements": 3, "percent_covered": 100.0, "percent_covered_display": "100", "missing_lines": 0, "excluded_lines": 0, "percent_statements_covered": 100.0, "percent_statements_covered_display": "100"}, "missing_lines": [], "excluded_lines": [], "start_line": 193}, "square": {"executed_lines": [236, 238], "summary": {"covered_lines": 2, "num_statements": 3, "percent_covered": 66.66666666666667, "percent_covered_display": "67", "missing_lines": 1, "excluded_lines": 0, "percent_statements_covered": 66.66666666666667, "percent_statements_covered_display": "67"}, "missing_lines": [237], "excluded_lines": [], "start_line": 217}, "absolute_value": {"executed_lines": [260, 262], "summary": {"covered_lines": 2, "num_statements": 3, "percent_covered": 66.66666666666667, "percent_covered_display": "67", "missing_lines": 1, "excluded_lines": 0, "percent_statements_covered": 66.66666666666667, "percent_statements_covered_display": "67"}, "missing_lines": [261], "excluded_lines": [], "start_line": 241}, "": {"executed_lines": [6, 7, 12, 24, 52, 80, 108, 141, 169, 193, 217, 241], "summary": {"covered_lines": 12, "num_statements": 12, "percent_covered": 100.0, "percent_covered_display": "100", "missing_lines": 0, "excluded_lines": 0, "percent_statements_covered": 100.0, "percent_statements_covered_display": "100"}, "missing_lines": [], "excluded_lines": [], "start_line": 1}}, "classes": {"": {"executed_lines": [6, 7, 12, 19, 24, 45, 46, 47, 48, 49, 52, 73, 75, 77, 80, 101, 103, 105, 108, 130, 131, 132, 134, 135, 136, 141, 160, 161, 162, 163, 164, 165, 166, 169, 188, 189, 190, 193, 212, 213, 214, 217, 236, 238, 241, 260, 262], "summary": {"covered_lines": 47, "num_statements": 54, "percent_covered": 87.03703703703704, "percent_covered_display": "87", "missing_lines": 7, "excluded_lines": 0, "percent_statements_covered": 87.03703703703704, "percent_statements_covered_display": "87"}, "missing_lines": [74, 76, 102, 104, 133, 237, 261], "excluded_lines": [], "start_line": 1}}}}, "totals": {"covered_lines": 164, "num_statements": 182, "percent_covered": 90.10989010989012, "percent_covered_display": "90", "missing_lines": 18, "excluded_lines": 0, "percent_statements_covered": 90.10989010989012, "percent_statements_covered_display": "90"}}